
**** Build of configuration Debug for project Task1 ****

"C:\\ti\\ccs910\\ccs\\utils\\bin\\gmake" -k -j 4 all -O 
 
Building file: "../main.c"
Invoking: C2000 Compiler
"C:/ti/ccs910/ccs/tools/compiler/ti-cgt-c2000_18.12.3.LTS/bin/cl2000" -v28 -ml -mt --cla_support=cla1 --float_support=fpu32 --tmu_support=tmu0 --vcu_support=vcu2 --include_path="E:/ECE4550/Lab1/Task1" --include_path="C:/ti/ccs910/ccs/tools/compiler/ti-cgt-c2000_18.12.3.LTS/include" --define=CPU1 -g --diag_warning=225 --diag_wrap=off --display_error_number --abi=coffabi --preproc_with_compile --preproc_dependency="main.d_raw"  "../main.c"
 
>> Compilation failure
subdir_rules.mk:9: recipe for target 'main.obj' failed
"../main.c", line 14: error #20: identifier "Wd" is undefined
"../main.c", line 27: warning #112-D: statement is unreachable
1 error detected in the compilation of "../main.c".
gmake: *** [main.obj] Error 1
Building file: "../F2837xD_GlobalVariableDefs.c"
Invoking: C2000 Compiler
"C:/ti/ccs910/ccs/tools/compiler/ti-cgt-c2000_18.12.3.LTS/bin/cl2000" -v28 -ml -mt --cla_support=cla1 --float_support=fpu32 --tmu_support=tmu0 --vcu_support=vcu2 --include_path="E:/ECE4550/Lab1/Task1" --include_path="C:/ti/ccs910/ccs/tools/compiler/ti-cgt-c2000_18.12.3.LTS/include" --define=CPU1 -g --diag_warning=225 --diag_wrap=off --display_error_number --abi=coffabi --preproc_with_compile --preproc_dependency="F2837xD_GlobalVariableDefs.d_raw"  "../F2837xD_GlobalVariableDefs.c"
Finished building: "../F2837xD_GlobalVariableDefs.c"
 
gmake: Target 'all' not remade because of errors.

**** Build Finished ****

**** Build of configuration Debug for project Task1 ****

"C:\\ti\\ccs910\\ccs\\utils\\bin\\gmake" -k -j 4 all -O 
 
Building file: "../main.c"
Invoking: C2000 Compiler
"C:/ti/ccs910/ccs/tools/compiler/ti-cgt-c2000_18.12.3.LTS/bin/cl2000" -v28 -ml -mt --cla_support=cla1 --float_support=fpu32 --tmu_support=tmu0 --vcu_support=vcu2 --include_path="E:/ECE4550/Lab1/Task1" --include_path="C:/ti/ccs910/ccs/tools/compiler/ti-cgt-c2000_18.12.3.LTS/include" --define=CPU1 -g --diag_warning=225 --diag_wrap=off --display_error_number --abi=coffabi --preproc_with_compile --preproc_dependency="main.d_raw"  "../main.c"
 
>> Compilation failure
subdir_rules.mk:9: recipe for target 'main.obj' failed
"../main.c", line 15: error #20: identifier "Wd" is undefined
"../main.c", line 31: warning #112-D: statement is unreachable
1 error detected in the compilation of "../main.c".
gmake: *** [main.obj] Error 1
gmake: Target 'all' not remade because of errors.

**** Build Finished ****

**** Build of configuration Debug for project Task1 ****

"C:\\ti\\ccs910\\ccs\\utils\\bin\\gmake" -k -j 4 all -O 
 
Building file: "../main.c"
Invoking: C2000 Compiler
"C:/ti/ccs910/ccs/tools/compiler/ti-cgt-c2000_18.12.3.LTS/bin/cl2000" -v28 -ml -mt --cla_support=cla1 --float_support=fpu32 --tmu_support=tmu0 --vcu_support=vcu2 --include_path="E:/ECE4550/Lab1/Task1" --include_path="C:/ti/ccs910/ccs/tools/compiler/ti-cgt-c2000_18.12.3.LTS/include" --define=CPU1 -g --diag_warning=225 --diag_wrap=off --display_error_number --abi=coffabi --preproc_with_compile --preproc_dependency="main.d_raw"  "../main.c"
"../main.c", line 31: warning #112-D: statement is unreachable
Finished building: "../main.c"
 
Building target: "Task1.out"
Invoking: C2000 Linker
"C:/ti/ccs910/ccs/tools/compiler/ti-cgt-c2000_18.12.3.LTS/bin/cl2000" -v28 -ml -mt --cla_support=cla1 --float_support=fpu32 --tmu_support=tmu0 --vcu_support=vcu2 --define=CPU1 -g --diag_warning=225 --diag_wrap=off --display_error_number --abi=coffabi -z -m"Task1.map" --stack_size=0x200 --warn_sections -i"C:/ti/ccs910/ccs/tools/compiler/ti-cgt-c2000_18.12.3.LTS/lib" -i"C:/ti/ccs910/ccs/tools/compiler/ti-cgt-c2000_18.12.3.LTS/include" --reread_libs --diag_wrap=off --display_error_number --xml_link_info="Task1_linkInfo.xml" --rom_model -o "Task1.out" "./F2837xD_GlobalVariableDefs.obj" "./main.obj" "../2837x_FLASH_lnk_cpu1.cmd" "../F2837xD_Headers_nonBIOS_cpu1.cmd"  -llibc.a 
<Linking>
Finished building target: "Task1.out"
 

**** Build Finished ****

**** Build of configuration Debug for project Task1 ****

"C:\\ti\\ccs910\\ccs\\utils\\bin\\gmake" -k -j 4 all -O 
 
gmake[1]: 'Task1.out' is up to date.

**** Build Finished ****

**** Build of configuration Debug for project Task1 ****

"C:\\ti\\ccs910\\ccs\\utils\\bin\\gmake" -k -j 4 all -O 
 
gmake[1]: 'Task1.out' is up to date.

**** Build Finished ****

**** Build of configuration Debug for project Task1 ****

"C:\\ti\\ccs910\\ccs\\utils\\bin\\gmake" -k -j 4 all -O 
 
Building file: "../main.c"
Invoking: C2000 Compiler
"C:/ti/ccs910/ccs/tools/compiler/ti-cgt-c2000_18.12.3.LTS/bin/cl2000" -v28 -ml -mt --cla_support=cla1 --float_support=fpu32 --tmu_support=tmu0 --vcu_support=vcu2 --include_path="E:/ECE4550/Lab1/Task1" --include_path="C:/ti/ccs910/ccs/tools/compiler/ti-cgt-c2000_18.12.3.LTS/include" --define=CPU1 -g --diag_warning=225 --diag_wrap=off --display_error_number --abi=coffabi --preproc_with_compile --preproc_dependency="main.d_raw"  "../main.c"
"../main.c", line 31: warning #112-D: statement is unreachable
Finished building: "../main.c"
 
Building target: "Task1.out"
Invoking: C2000 Linker
"C:/ti/ccs910/ccs/tools/compiler/ti-cgt-c2000_18.12.3.LTS/bin/cl2000" -v28 -ml -mt --cla_support=cla1 --float_support=fpu32 --tmu_support=tmu0 --vcu_support=vcu2 --define=CPU1 -g --diag_warning=225 --diag_wrap=off --display_error_number --abi=coffabi -z -m"Task1.map" --stack_size=0x200 --warn_sections -i"C:/ti/ccs910/ccs/tools/compiler/ti-cgt-c2000_18.12.3.LTS/lib" -i"C:/ti/ccs910/ccs/tools/compiler/ti-cgt-c2000_18.12.3.LTS/include" --reread_libs --diag_wrap=off --display_error_number --xml_link_info="Task1_linkInfo.xml" --rom_model -o "Task1.out" "./F2837xD_GlobalVariableDefs.obj" "./main.obj" "../2837x_FLASH_lnk_cpu1.cmd" "../F2837xD_Headers_nonBIOS_cpu1.cmd"  -llibc.a 
<Linking>
Finished building target: "Task1.out"
 

**** Build Finished ****

**** Build of configuration Debug for project Task1 ****

"C:\\ti\\ccs910\\ccs\\utils\\bin\\gmake" -k -j 4 all -O 
 
Building file: "../main.c"
Invoking: C2000 Compiler
"C:/ti/ccs910/ccs/tools/compiler/ti-cgt-c2000_18.12.3.LTS/bin/cl2000" -v28 -ml -mt --cla_support=cla1 --float_support=fpu32 --tmu_support=tmu0 --vcu_support=vcu2 --include_path="E:/ECE4550/Lab1/Task1" --include_path="C:/ti/ccs910/ccs/tools/compiler/ti-cgt-c2000_18.12.3.LTS/include" --define=CPU1 -g --diag_warning=225 --diag_wrap=off --display_error_number --abi=coffabi --preproc_with_compile --preproc_dependency="main.d_raw"  "../main.c"
"../main.c", line 31: warning #112-D: statement is unreachable
Finished building: "../main.c"
 
Building target: "Task1.out"
Invoking: C2000 Linker
"C:/ti/ccs910/ccs/tools/compiler/ti-cgt-c2000_18.12.3.LTS/bin/cl2000" -v28 -ml -mt --cla_support=cla1 --float_support=fpu32 --tmu_support=tmu0 --vcu_support=vcu2 --define=CPU1 -g --diag_warning=225 --diag_wrap=off --display_error_number --abi=coffabi -z -m"Task1.map" --stack_size=0x200 --warn_sections -i"C:/ti/ccs910/ccs/tools/compiler/ti-cgt-c2000_18.12.3.LTS/lib" -i"C:/ti/ccs910/ccs/tools/compiler/ti-cgt-c2000_18.12.3.LTS/include" --reread_libs --diag_wrap=off --display_error_number --xml_link_info="Task1_linkInfo.xml" --rom_model -o "Task1.out" "./F2837xD_GlobalVariableDefs.obj" "./main.obj" "../2837x_FLASH_lnk_cpu1.cmd" "../F2837xD_Headers_nonBIOS_cpu1.cmd"  -llibc.a 
<Linking>
Finished building target: "Task1.out"
 

**** Build Finished ****

**** Build of configuration Debug for project Task1 ****

"C:\\ti\\ccs910\\ccs\\utils\\bin\\gmake" -k -j 4 all -O 
 
Building file: "../main.c"
Invoking: C2000 Compiler
"C:/ti/ccs910/ccs/tools/compiler/ti-cgt-c2000_18.12.3.LTS/bin/cl2000" -v28 -ml -mt --cla_support=cla1 --float_support=fpu32 --tmu_support=tmu0 --vcu_support=vcu2 --include_path="E:/ECE4550/Lab1/Task1" --include_path="C:/ti/ccs910/ccs/tools/compiler/ti-cgt-c2000_18.12.3.LTS/include" --define=CPU1 -g --diag_warning=225 --diag_wrap=off --display_error_number --abi=coffabi --preproc_with_compile --preproc_dependency="main.d_raw"  "../main.c"
"../main.c", line 31: warning #112-D: statement is unreachable
Finished building: "../main.c"
 
Building target: "Task1.out"
Invoking: C2000 Linker
"C:/ti/ccs910/ccs/tools/compiler/ti-cgt-c2000_18.12.3.LTS/bin/cl2000" -v28 -ml -mt --cla_support=cla1 --float_support=fpu32 --tmu_support=tmu0 --vcu_support=vcu2 --define=CPU1 -g --diag_warning=225 --diag_wrap=off --display_error_number --abi=coffabi -z -m"Task1.map" --stack_size=0x200 --warn_sections -i"C:/ti/ccs910/ccs/tools/compiler/ti-cgt-c2000_18.12.3.LTS/lib" -i"C:/ti/ccs910/ccs/tools/compiler/ti-cgt-c2000_18.12.3.LTS/include" --reread_libs --diag_wrap=off --display_error_number --xml_link_info="Task1_linkInfo.xml" --rom_model -o "Task1.out" "./F2837xD_GlobalVariableDefs.obj" "./main.obj" "../2837x_FLASH_lnk_cpu1.cmd" "../F2837xD_Headers_nonBIOS_cpu1.cmd"  -llibc.a 
<Linking>
Finished building target: "Task1.out"
 

**** Build Finished ****

**** Build of configuration Debug for project Task1 ****

"C:\\ti\\ccs910\\ccs\\utils\\bin\\gmake" -k -j 4 all -O 
 
gmake[1]: 'Task1.out' is up to date.

**** Build Finished ****

**** Build of configuration Debug for project Task1 ****

"C:\\ti\\ccs910\\ccs\\utils\\bin\\gmake" -k -j 4 all -O 
 
Building file: "../main.c"
Invoking: C2000 Compiler
"C:/ti/ccs910/ccs/tools/compiler/ti-cgt-c2000_18.12.3.LTS/bin/cl2000" -v28 -ml -mt --cla_support=cla1 --float_support=fpu32 --tmu_support=tmu0 --vcu_support=vcu2 --include_path="E:/ECE4550/Lab1/Task1" --include_path="C:/ti/ccs910/ccs/tools/compiler/ti-cgt-c2000_18.12.3.LTS/include" --define=CPU1 -g --diag_warning=225 --diag_wrap=off --display_error_number --abi=coffabi --preproc_with_compile --preproc_dependency="main.d_raw"  "../main.c"
"../main.c", line 31: warning #112-D: statement is unreachable
Finished building: "../main.c"
 
Building target: "Task1.out"
Invoking: C2000 Linker
"C:/ti/ccs910/ccs/tools/compiler/ti-cgt-c2000_18.12.3.LTS/bin/cl2000" -v28 -ml -mt --cla_support=cla1 --float_support=fpu32 --tmu_support=tmu0 --vcu_support=vcu2 --define=CPU1 -g --diag_warning=225 --diag_wrap=off --display_error_number --abi=coffabi -z -m"Task1.map" --stack_size=0x200 --warn_sections -i"C:/ti/ccs910/ccs/tools/compiler/ti-cgt-c2000_18.12.3.LTS/lib" -i"C:/ti/ccs910/ccs/tools/compiler/ti-cgt-c2000_18.12.3.LTS/include" --reread_libs --diag_wrap=off --display_error_number --xml_link_info="Task1_linkInfo.xml" --rom_model -o "Task1.out" "./F2837xD_GlobalVariableDefs.obj" "./main.obj" "../2837x_FLASH_lnk_cpu1.cmd" "../F2837xD_Headers_nonBIOS_cpu1.cmd"  -llibc.a 
<Linking>
Finished building target: "Task1.out"
 

**** Build Finished ****

**** Build of configuration Debug for project Task1 ****

"C:\\ti\\ccs910\\ccs\\utils\\bin\\gmake" -k -j 4 all -O 
 
Building file: "../main.c"
Invoking: C2000 Compiler
"C:/ti/ccs910/ccs/tools/compiler/ti-cgt-c2000_18.12.3.LTS/bin/cl2000" -v28 -ml -mt --cla_support=cla1 --float_support=fpu32 --tmu_support=tmu0 --vcu_support=vcu2 --include_path="E:/ECE4550/Lab1/Task1" --include_path="C:/ti/ccs910/ccs/tools/compiler/ti-cgt-c2000_18.12.3.LTS/include" --define=CPU1 -g --diag_warning=225 --diag_wrap=off --display_error_number --abi=coffabi --preproc_with_compile --preproc_dependency="main.d_raw"  "../main.c"
"../main.c", line 31: warning #112-D: statement is unreachable
Finished building: "../main.c"
 
Building target: "Task1.out"
Invoking: C2000 Linker
"C:/ti/ccs910/ccs/tools/compiler/ti-cgt-c2000_18.12.3.LTS/bin/cl2000" -v28 -ml -mt --cla_support=cla1 --float_support=fpu32 --tmu_support=tmu0 --vcu_support=vcu2 --define=CPU1 -g --diag_warning=225 --diag_wrap=off --display_error_number --abi=coffabi -z -m"Task1.map" --stack_size=0x200 --warn_sections -i"C:/ti/ccs910/ccs/tools/compiler/ti-cgt-c2000_18.12.3.LTS/lib" -i"C:/ti/ccs910/ccs/tools/compiler/ti-cgt-c2000_18.12.3.LTS/include" --reread_libs --diag_wrap=off --display_error_number --xml_link_info="Task1_linkInfo.xml" --rom_model -o "Task1.out" "./F2837xD_GlobalVariableDefs.obj" "./main.obj" "../2837x_FLASH_lnk_cpu1.cmd" "../F2837xD_Headers_nonBIOS_cpu1.cmd"  -llibc.a 
<Linking>
Finished building target: "Task1.out"
 

**** Build Finished ****

**** Build of configuration Debug for project Task1 ****

"C:\\ti\\ccs910\\ccs\\utils\\bin\\gmake" -k -j 4 all -O 
 
Building file: "../main.c"
Invoking: C2000 Compiler
"C:/ti/ccs910/ccs/tools/compiler/ti-cgt-c2000_18.12.3.LTS/bin/cl2000" -v28 -ml -mt --cla_support=cla1 --float_support=fpu32 --tmu_support=tmu0 --vcu_support=vcu2 --include_path="E:/ECE4550/Lab1/Task1" --include_path="C:/F28379D/include" --include_path="C:/ti/ccs910/ccs/tools/compiler/ti-cgt-c2000_18.12.3.LTS/include" --define=CPU1 -g --diag_warning=225 --diag_wrap=off --display_error_number --abi=coffabi --preproc_with_compile --preproc_dependency="main.d_raw"  "../main.c"
"../main.c", line 31: warning #112-D: statement is unreachable
Finished building: "../main.c"
 
Building file: "../F2837xD_GlobalVariableDefs.c"
Invoking: C2000 Compiler
"C:/ti/ccs910/ccs/tools/compiler/ti-cgt-c2000_18.12.3.LTS/bin/cl2000" -v28 -ml -mt --cla_support=cla1 --float_support=fpu32 --tmu_support=tmu0 --vcu_support=vcu2 --include_path="E:/ECE4550/Lab1/Task1" --include_path="C:/F28379D/include" --include_path="C:/ti/ccs910/ccs/tools/compiler/ti-cgt-c2000_18.12.3.LTS/include" --define=CPU1 -g --diag_warning=225 --diag_wrap=off --display_error_number --abi=coffabi --preproc_with_compile --preproc_dependency="F2837xD_GlobalVariableDefs.d_raw"  "../F2837xD_GlobalVariableDefs.c"
Finished building: "../F2837xD_GlobalVariableDefs.c"
 
Building target: "Task1.out"
Invoking: C2000 Linker
"C:/ti/ccs910/ccs/tools/compiler/ti-cgt-c2000_18.12.3.LTS/bin/cl2000" -v28 -ml -mt --cla_support=cla1 --float_support=fpu32 --tmu_support=tmu0 --vcu_support=vcu2 --define=CPU1 -g --diag_warning=225 --diag_wrap=off --display_error_number --abi=coffabi -z -m"Task1.map" --stack_size=0x200 --warn_sections -i"C:/ti/ccs910/ccs/tools/compiler/ti-cgt-c2000_18.12.3.LTS/lib" -i"C:/ti/ccs910/ccs/tools/compiler/ti-cgt-c2000_18.12.3.LTS/include" --reread_libs --diag_wrap=off --display_error_number --xml_link_info="Task1_linkInfo.xml" --rom_model -o "Task1.out" "./F2837xD_GlobalVariableDefs.obj" "./main.obj" "../2837x_FLASH_lnk_cpu1.cmd" "../F2837xD_Headers_nonBIOS_cpu1.cmd"  -llibc.a 
<Linking>
Finished building target: "Task1.out"
 

**** Build Finished ****

**** Clean-only build of configuration Debug for project Task1 ****

"C:\\ti\\ccs910\\ccs\\utils\\bin\\gmake" -k -j 4 clean -O 
 
DEL /F  "Task1.hex"  "Task1.out" 
DEL /F "F2837xD_GlobalVariableDefs.obj" "main.obj" 
DEL /F "F2837xD_GlobalVariableDefs.d" "main.d" 
Finished clean
 

**** Build Finished ****

**** Build of configuration Debug for project Task1 ****

"C:\\ti\\ccs910\\ccs\\utils\\bin\\gmake" -k -j 4 all -O 
 
Building file: "../main.c"
Invoking: C2000 Compiler
"C:/ti/ccs910/ccs/tools/compiler/ti-cgt-c2000_18.12.3.LTS/bin/cl2000" -v28 -ml -mt --cla_support=cla1 --float_support=fpu32 --tmu_support=tmu0 --vcu_support=vcu2 --include_path="E:/ECE4550/Lab1/Task1" --include_path="C:/F28379D/include" --include_path="C:/ti/ccs910/ccs/tools/compiler/ti-cgt-c2000_18.12.3.LTS/include" --define=CPU1 -g --diag_warning=225 --diag_wrap=off --display_error_number --abi=coffabi --preproc_with_compile --preproc_dependency="main.d_raw"  "../main.c"
"../main.c", line 31: warning #112-D: statement is unreachable
Finished building: "../main.c"
 
Building file: "../F2837xD_GlobalVariableDefs.c"
Invoking: C2000 Compiler
"C:/ti/ccs910/ccs/tools/compiler/ti-cgt-c2000_18.12.3.LTS/bin/cl2000" -v28 -ml -mt --cla_support=cla1 --float_support=fpu32 --tmu_support=tmu0 --vcu_support=vcu2 --include_path="E:/ECE4550/Lab1/Task1" --include_path="C:/F28379D/include" --include_path="C:/ti/ccs910/ccs/tools/compiler/ti-cgt-c2000_18.12.3.LTS/include" --define=CPU1 -g --diag_warning=225 --diag_wrap=off --display_error_number --abi=coffabi --preproc_with_compile --preproc_dependency="F2837xD_GlobalVariableDefs.d_raw"  "../F2837xD_GlobalVariableDefs.c"
Finished building: "../F2837xD_GlobalVariableDefs.c"
 
Building target: "Task1.out"
Invoking: C2000 Linker
"C:/ti/ccs910/ccs/tools/compiler/ti-cgt-c2000_18.12.3.LTS/bin/cl2000" -v28 -ml -mt --cla_support=cla1 --float_support=fpu32 --tmu_support=tmu0 --vcu_support=vcu2 --define=CPU1 -g --diag_warning=225 --diag_wrap=off --display_error_number --abi=coffabi -z -m"Task1.map" --stack_size=0x200 --warn_sections -i"C:/ti/ccs910/ccs/tools/compiler/ti-cgt-c2000_18.12.3.LTS/lib" -i"C:/ti/ccs910/ccs/tools/compiler/ti-cgt-c2000_18.12.3.LTS/include" --reread_libs --diag_wrap=off --display_error_number --xml_link_info="Task1_linkInfo.xml" --rom_model -o "Task1.out" "./F2837xD_GlobalVariableDefs.obj" "./main.obj" "../2837x_RAM_lnk_cpu1.cmd" "../F2837xD_Headers_nonBIOS_cpu1.cmd"  -llibc.a 
<Linking>
Finished building target: "Task1.out"
 

**** Build Finished ****

**** Build of configuration Debug for project Task1 ****

"C:\\ti\\ccs910\\ccs\\utils\\bin\\gmake" -k -j 4 all -O 
 
gmake[1]: 'Task1.out' is up to date.

**** Build Finished ****

**** Build of configuration Debug for project Task1 ****

"C:\\ti\\ccs910\\ccs\\utils\\bin\\gmake" -k -j 4 all -O 
 
Building file: "../main.c"
Invoking: C2000 Compiler
"C:/ti/ccs910/ccs/tools/compiler/ti-cgt-c2000_18.12.3.LTS/bin/cl2000" -v28 -ml -mt --cla_support=cla1 --float_support=fpu32 --tmu_support=tmu0 --vcu_support=vcu2 --include_path="E:/ECE4550/Lab1/Task1" --include_path="C:/F28379D/include" --include_path="C:/ti/ccs910/ccs/tools/compiler/ti-cgt-c2000_18.12.3.LTS/include" --define=CPU1 -g --diag_warning=225 --diag_wrap=off --display_error_number --abi=coffabi --preproc_with_compile --preproc_dependency="main.d_raw"  "../main.c"
"../main.c", line 31: warning #112-D: statement is unreachable
Finished building: "../main.c"
 
Building target: "Task1.out"
Invoking: C2000 Linker
"C:/ti/ccs910/ccs/tools/compiler/ti-cgt-c2000_18.12.3.LTS/bin/cl2000" -v28 -ml -mt --cla_support=cla1 --float_support=fpu32 --tmu_support=tmu0 --vcu_support=vcu2 --define=CPU1 -g --diag_warning=225 --diag_wrap=off --display_error_number --abi=coffabi -z -m"Task1.map" --stack_size=0x200 --warn_sections -i"C:/ti/ccs910/ccs/tools/compiler/ti-cgt-c2000_18.12.3.LTS/lib" -i"C:/ti/ccs910/ccs/tools/compiler/ti-cgt-c2000_18.12.3.LTS/include" --reread_libs --diag_wrap=off --display_error_number --xml_link_info="Task1_linkInfo.xml" --rom_model -o "Task1.out" "./F2837xD_GlobalVariableDefs.obj" "./main.obj" "../2837x_RAM_lnk_cpu1.cmd" "../F2837xD_Headers_nonBIOS_cpu1.cmd"  -llibc.a 
<Linking>
Finished building target: "Task1.out"
 

**** Build Finished ****

**** Build of configuration Debug for project Task1 ****

"C:\\ti\\ccs910\\ccs\\utils\\bin\\gmake" -k -j 4 all -O 
 
gmake[1]: 'Task1.out' is up to date.

**** Build Finished ****

**** Build of configuration Debug for project Task2 ****

"C:\\ti\\ccs910\\ccs\\utils\\bin\\gmake" -k -j 4 all -O 
 
Building file: "../main.c"
Invoking: C2000 Compiler
"C:/ti/ccs910/ccs/tools/compiler/ti-cgt-c2000_18.12.3.LTS/bin/cl2000" -v28 -ml -mt --cla_support=cla1 --float_support=fpu32 --tmu_support=tmu0 --vcu_support=vcu2 --include_path="E:/ECE4550/Lab1/Task2" --include_path="C:/F28379D/include" --include_path="C:/ti/ccs910/ccs/tools/compiler/ti-cgt-c2000_18.12.3.LTS/include" -g --diag_warning=225 --diag_wrap=off --display_error_number --abi=coffabi --preproc_with_compile --preproc_dependency="main.d_raw"  "../main.c"
 
>> Compilation failure
subdir_rules.mk:9: recipe for target 'main.obj' failed
"C:/F28379D/include/F2837XD_device.h", line 47: fatal error #35: #error directive: "You must define CPU1 or CPU2 in your project properties.  Otherwise, the offsets in your header files will be inaccurate."
1 catastrophic error detected in the compilation of "../main.c".
Compilation terminated.
gmake: *** [main.obj] Error 1
gmake: Target 'all' not remade because of errors.

**** Build Finished ****

**** Build of configuration Debug for project Task2 ****

"C:\\ti\\ccs910\\ccs\\utils\\bin\\gmake" -k -j 4 all -O 
 
Building file: "../main.c"
Invoking: C2000 Compiler
"C:/ti/ccs910/ccs/tools/compiler/ti-cgt-c2000_18.12.3.LTS/bin/cl2000" -v28 -ml -mt --cla_support=cla1 --float_support=fpu32 --tmu_support=tmu0 --vcu_support=vcu2 --include_path="E:/ECE4550/Lab1/Task2" --include_path="C:/F28379D/include" --include_path="C:/ti/ccs910/ccs/tools/compiler/ti-cgt-c2000_18.12.3.LTS/include" --define=CPU1 -g --diag_warning=225 --diag_wrap=off --display_error_number --abi=coffabi --preproc_with_compile --preproc_dependency="main.d_raw"  "../main.c"
"../main.c", line 33: warning #112-D: statement is unreachable
"../main.c", line 30 (col. 26): advice #2614-D: (Performance) Use --fp_mode=relaxed to enable TMU hardware support for cos.
Finished building: "../main.c"
 
Building target: "Task2.out"
Invoking: C2000 Linker
"C:/ti/ccs910/ccs/tools/compiler/ti-cgt-c2000_18.12.3.LTS/bin/cl2000" -v28 -ml -mt --cla_support=cla1 --float_support=fpu32 --tmu_support=tmu0 --vcu_support=vcu2 --define=CPU1 -g --diag_warning=225 --diag_wrap=off --display_error_number --abi=coffabi -z -m"Task2.map" --stack_size=0x200 --warn_sections -i"C:/ti/ccs910/ccs/tools/compiler/ti-cgt-c2000_18.12.3.LTS/lib" -i"C:/ti/ccs910/ccs/tools/compiler/ti-cgt-c2000_18.12.3.LTS/include" --reread_libs --diag_wrap=off --display_error_number --xml_link_info="Task2_linkInfo.xml" --rom_model -o "Task2.out" "./main.obj" "../2837x_RAM_lnk_cpu1.cmd"  -llibc.a 
<Linking>
"../2837x_RAM_lnk_cpu1.cmd", line 67: error #10099-D: program will not fit into available memory.  run placement with alignment/blocking fails for section ".ebss" size 0x4e2c page 1.  Available memory ranges:
   RAMLS5       size: 0x800        unused: 0x800        max hole: 0x800     
 
 undefined   first referenced
  symbol         in file     
 ---------   ----------------
 _ClkCfgRegs ./main.obj      
 _WdRegs     ./main.obj      
 
error #10234-D: unresolved symbols remain
error #10010: errors encountered during linking; "Task2.out" not built
 
>> Compilation failure
makefile:141: recipe for target 'Task2.out' failed
gmake[1]: *** [Task2.out] Error 1
makefile:137: recipe for target 'all' failed
gmake: *** [all] Error 2

**** Build Finished ****

**** Clean-only build of configuration Debug for project Task2 ****

"C:\\ti\\ccs910\\ccs\\utils\\bin\\gmake" -k -j 4 clean -O 
 
DEL /F  "Task2.hex"  "Task2.out" 
DEL /F "main.obj" 
DEL /F "main.d" 
Could Not Find E:\ECE4550\Lab1\Task2\Debug\Task2.hex
Finished clean
 

**** Build Finished ****

**** Build of configuration Debug for project Task2 ****

"C:\\ti\\ccs910\\ccs\\utils\\bin\\gmake" -k -j 4 all -O 
 
Building file: "../main.c"
Invoking: C2000 Compiler
"C:/ti/ccs910/ccs/tools/compiler/ti-cgt-c2000_18.12.3.LTS/bin/cl2000" -v28 -ml -mt --cla_support=cla1 --float_support=fpu32 --tmu_support=tmu0 --vcu_support=vcu2 --include_path="E:/ECE4550/Lab1/Task2" --include_path="C:/F28379D/include" --include_path="C:/ti/ccs910/ccs/tools/compiler/ti-cgt-c2000_18.12.3.LTS/include" --advice:performance=all --define=CPU1 -g --diag_warning=225 --diag_wrap=off --display_error_number --abi=coffabi --preproc_with_compile --preproc_dependency="main.d_raw"  "../main.c"
"../main.c", line 33: warning #112-D: statement is unreachable
"../main.c", line 30 (col. 26): advice #2614-D: (Performance) Use --fp_mode=relaxed to enable TMU hardware support for cos.
Finished building: "../main.c"
 
Building file: "../F2837xD_GlobalVariableDefs.c"
Invoking: C2000 Compiler
"C:/ti/ccs910/ccs/tools/compiler/ti-cgt-c2000_18.12.3.LTS/bin/cl2000" -v28 -ml -mt --cla_support=cla1 --float_support=fpu32 --tmu_support=tmu0 --vcu_support=vcu2 --include_path="E:/ECE4550/Lab1/Task2" --include_path="C:/F28379D/include" --include_path="C:/ti/ccs910/ccs/tools/compiler/ti-cgt-c2000_18.12.3.LTS/include" --advice:performance=all --define=CPU1 -g --diag_warning=225 --diag_wrap=off --display_error_number --abi=coffabi --preproc_with_compile --preproc_dependency="F2837xD_GlobalVariableDefs.d_raw"  "../F2837xD_GlobalVariableDefs.c"
Finished building: "../F2837xD_GlobalVariableDefs.c"
 
Building target: "Task2.out"
Invoking: C2000 Linker
"C:/ti/ccs910/ccs/tools/compiler/ti-cgt-c2000_18.12.3.LTS/bin/cl2000" -v28 -ml -mt --cla_support=cla1 --float_support=fpu32 --tmu_support=tmu0 --vcu_support=vcu2 --advice:performance=all --define=CPU1 -g --diag_warning=225 --diag_wrap=off --display_error_number --abi=coffabi -z -m"Task2.map" --stack_size=0x200 --warn_sections -i"C:/ti/ccs910/ccs/tools/compiler/ti-cgt-c2000_18.12.3.LTS/lib" -i"C:/ti/ccs910/ccs/tools/compiler/ti-cgt-c2000_18.12.3.LTS/include" --reread_libs --diag_wrap=off --display_error_number --xml_link_info="Task2_linkInfo.xml" --rom_model -o "Task2.out" "./F2837xD_GlobalVariableDefs.obj" "./main.obj" "../F2837xD_Headers_nonBIOS_cpu1.cmd" "../user.cmd"  -llibc.a 
<Linking>
Finished building target: "Task2.out"
 

**** Build Finished ****

**** Build of configuration Debug for project Task2 ****

"C:\\ti\\ccs910\\ccs\\utils\\bin\\gmake" -k -j 4 all -O 
 
gmake[1]: 'Task2.out' is up to date.

**** Build Finished ****

**** Build of configuration Debug for project Task2 ****

"C:\\ti\\ccs910\\ccs\\utils\\bin\\gmake" -k -j 4 all -O 
 
Building file: "../main.c"
Invoking: C2000 Compiler
"C:/ti/ccs910/ccs/tools/compiler/ti-cgt-c2000_18.12.3.LTS/bin/cl2000" -v28 -ml -mt --cla_support=cla1 --float_support=fpu32 --tmu_support=tmu0 --vcu_support=vcu2 --include_path="E:/ECE4550/Lab1/Task2" --include_path="C:/F28379D/include" --include_path="C:/ti/ccs910/ccs/tools/compiler/ti-cgt-c2000_18.12.3.LTS/include" --advice:performance=all --define=CPU1 -g --diag_warning=225 --diag_wrap=off --display_error_number --abi=coffabi --preproc_with_compile --preproc_dependency="main.d_raw"  "../main.c"
"../main.c", line 33: warning #112-D: statement is unreachable
"../main.c", line 30 (col. 26): advice #2614-D: (Performance) Use --fp_mode=relaxed to enable TMU hardware support for cos.
Finished building: "../main.c"
 
Building target: "Task2.out"
Invoking: C2000 Linker
"C:/ti/ccs910/ccs/tools/compiler/ti-cgt-c2000_18.12.3.LTS/bin/cl2000" -v28 -ml -mt --cla_support=cla1 --float_support=fpu32 --tmu_support=tmu0 --vcu_support=vcu2 --advice:performance=all --define=CPU1 -g --diag_warning=225 --diag_wrap=off --display_error_number --abi=coffabi -z -m"Task2.map" --stack_size=0x200 --warn_sections -i"C:/ti/ccs910/ccs/tools/compiler/ti-cgt-c2000_18.12.3.LTS/lib" -i"C:/ti/ccs910/ccs/tools/compiler/ti-cgt-c2000_18.12.3.LTS/include" --reread_libs --diag_wrap=off --display_error_number --xml_link_info="Task2_linkInfo.xml" --rom_model -o "Task2.out" "./F2837xD_GlobalVariableDefs.obj" "./main.obj" "../F2837xD_Headers_nonBIOS_cpu1.cmd" "../user.cmd"  -llibc.a 
<Linking>
Finished building target: "Task2.out"
 

**** Build Finished ****

**** Build of configuration Debug for project Task2 ****

"C:\\ti\\ccs910\\ccs\\utils\\bin\\gmake" -k -j 4 all -O 
 
gmake[1]: 'Task2.out' is up to date.

**** Build Finished ****

**** Build of configuration Debug for project Task1 ****

"C:\\ti\\ccs910\\ccs\\utils\\bin\\gmake" -k -j 4 all -O 
 
Building file: "../main.c"
Invoking: C2000 Compiler
"C:/ti/ccs910/ccs/tools/compiler/ti-cgt-c2000_18.12.3.LTS/bin/cl2000" -v28 -ml -mt --cla_support=cla1 --float_support=fpu32 --tmu_support=tmu0 --vcu_support=vcu2 --include_path="E:/ECE4550/Lab1/Task1" --include_path="C:/F28379D/include" --include_path="C:/ti/ccs910/ccs/tools/compiler/ti-cgt-c2000_18.12.3.LTS/include" --define=CPU1 -g --diag_warning=225 --diag_wrap=off --display_error_number --abi=coffabi --preproc_with_compile --preproc_dependency="main.d_raw"  "../main.c"
"../main.c", line 31: warning #112-D: statement is unreachable
Finished building: "../main.c"
 
Building target: "Task1.out"
Invoking: C2000 Linker
"C:/ti/ccs910/ccs/tools/compiler/ti-cgt-c2000_18.12.3.LTS/bin/cl2000" -v28 -ml -mt --cla_support=cla1 --float_support=fpu32 --tmu_support=tmu0 --vcu_support=vcu2 --define=CPU1 -g --diag_warning=225 --diag_wrap=off --display_error_number --abi=coffabi -z -m"Task1.map" --stack_size=0x200 --warn_sections -i"C:/ti/ccs910/ccs/tools/compiler/ti-cgt-c2000_18.12.3.LTS/lib" -i"C:/ti/ccs910/ccs/tools/compiler/ti-cgt-c2000_18.12.3.LTS/include" --reread_libs --diag_wrap=off --display_error_number --xml_link_info="Task1_linkInfo.xml" --rom_model -o "Task1.out" "./F2837xD_GlobalVariableDefs.obj" "./main.obj" "../2837x_RAM_lnk_cpu1.cmd" "../F2837xD_Headers_nonBIOS_cpu1.cmd"  -llibc.a 
<Linking>
Finished building target: "Task1.out"
 

**** Build Finished ****

**** Build of configuration Debug for project Task1 ****

"C:\\ti\\ccs910\\ccs\\utils\\bin\\gmake" -k -j 4 all -O 
 
Building file: "../main.c"
Invoking: C2000 Compiler
"C:/ti/ccs910/ccs/tools/compiler/ti-cgt-c2000_18.12.3.LTS/bin/cl2000" -v28 -ml -mt --cla_support=cla1 --float_support=fpu32 --tmu_support=tmu0 --vcu_support=vcu2 --include_path="E:/ECE4550/Lab1/Task1" --include_path="C:/F28379D/include" --include_path="C:/ti/ccs910/ccs/tools/compiler/ti-cgt-c2000_18.12.3.LTS/include" --define=CPU1 -g --diag_warning=225 --diag_wrap=off --display_error_number --abi=coffabi --preproc_with_compile --preproc_dependency="main.d_raw"  "../main.c"
"../main.c", line 31: warning #112-D: statement is unreachable
Finished building: "../main.c"
 
Building target: "Task1.out"
Invoking: C2000 Linker
"C:/ti/ccs910/ccs/tools/compiler/ti-cgt-c2000_18.12.3.LTS/bin/cl2000" -v28 -ml -mt --cla_support=cla1 --float_support=fpu32 --tmu_support=tmu0 --vcu_support=vcu2 --define=CPU1 -g --diag_warning=225 --diag_wrap=off --display_error_number --abi=coffabi -z -m"Task1.map" --stack_size=0x200 --warn_sections -i"C:/ti/ccs910/ccs/tools/compiler/ti-cgt-c2000_18.12.3.LTS/lib" -i"C:/ti/ccs910/ccs/tools/compiler/ti-cgt-c2000_18.12.3.LTS/include" --reread_libs --diag_wrap=off --display_error_number --xml_link_info="Task1_linkInfo.xml" --rom_model -o "Task1.out" "./F2837xD_GlobalVariableDefs.obj" "./main.obj" "../2837x_RAM_lnk_cpu1.cmd" "../F2837xD_Headers_nonBIOS_cpu1.cmd"  -llibc.a 
<Linking>
Finished building target: "Task1.out"
 

**** Build Finished ****

**** Build of configuration Debug for project Task2 ****

"C:\\ti\\ccs910\\ccs\\utils\\bin\\gmake" -k -j 4 all -O 
 
gmake[1]: 'Task2.out' is up to date.

**** Build Finished ****

**** Build of configuration Debug for project Task2 ****

"C:\\ti\\ccs910\\ccs\\utils\\bin\\gmake" -k -j 4 all -O 
 
Building file: "../main.c"
Invoking: C2000 Compiler
"C:/ti/ccs910/ccs/tools/compiler/ti-cgt-c2000_18.12.3.LTS/bin/cl2000" -v28 -ml -mt --cla_support=cla1 --float_support=fpu32 --tmu_support=tmu0 --vcu_support=vcu2 --include_path="E:/ECE4550/Lab1/Task2" --include_path="C:/F28379D/include" --include_path="C:/ti/ccs910/ccs/tools/compiler/ti-cgt-c2000_18.12.3.LTS/include" --advice:performance=all --define=CPU1 -g --diag_warning=225 --diag_wrap=off --display_error_number --abi=coffabi --preproc_with_compile --preproc_dependency="main.d_raw"  "../main.c"
"../main.c", line 33: warning #112-D: statement is unreachable
"../main.c", line 19: warning #179-D: variable "incr" was declared but never referenced
"../main.c", line 20: warning #179-D: variable "xDum" was declared but never referenced
Finished building: "../main.c"
 
Building target: "Task2.out"
Invoking: C2000 Linker
"C:/ti/ccs910/ccs/tools/compiler/ti-cgt-c2000_18.12.3.LTS/bin/cl2000" -v28 -ml -mt --cla_support=cla1 --float_support=fpu32 --tmu_support=tmu0 --vcu_support=vcu2 --advice:performance=all --define=CPU1 -g --diag_warning=225 --diag_wrap=off --display_error_number --abi=coffabi -z -m"Task2.map" --stack_size=0x200 --warn_sections -i"C:/ti/ccs910/ccs/tools/compiler/ti-cgt-c2000_18.12.3.LTS/lib" -i"C:/ti/ccs910/ccs/tools/compiler/ti-cgt-c2000_18.12.3.LTS/include" --reread_libs --diag_wrap=off --display_error_number --xml_link_info="Task2_linkInfo.xml" --rom_model -o "Task2.out" "./F2837xD_GlobalVariableDefs.obj" "./main.obj" "../F2837xD_Headers_nonBIOS_cpu1.cmd" "../user.cmd"  -llibc.a 
<Linking>
Finished building target: "Task2.out"
 

**** Build Finished ****

**** Build of configuration Debug for project Task2 ****

"C:\\ti\\ccs910\\ccs\\utils\\bin\\gmake" -k -j 4 all -O 
 
Building file: "../main.c"
Invoking: C2000 Compiler
"C:/ti/ccs910/ccs/tools/compiler/ti-cgt-c2000_18.12.3.LTS/bin/cl2000" -v28 -ml -mt --cla_support=cla1 --float_support=fpu32 --tmu_support=tmu0 --vcu_support=vcu2 --include_path="E:/ECE4550/Lab1/Task2" --include_path="C:/F28379D/include" --include_path="C:/ti/ccs910/ccs/tools/compiler/ti-cgt-c2000_18.12.3.LTS/include" --advice:performance=all --define=CPU1 -g --diag_warning=225 --diag_wrap=off --display_error_number --abi=coffabi --preproc_with_compile --preproc_dependency="main.d_raw"  "../main.c"
"../main.c", line 32: warning #112-D: statement is unreachable
Finished building: "../main.c"
 
Building target: "Task2.out"
Invoking: C2000 Linker
"C:/ti/ccs910/ccs/tools/compiler/ti-cgt-c2000_18.12.3.LTS/bin/cl2000" -v28 -ml -mt --cla_support=cla1 --float_support=fpu32 --tmu_support=tmu0 --vcu_support=vcu2 --advice:performance=all --define=CPU1 -g --diag_warning=225 --diag_wrap=off --display_error_number --abi=coffabi -z -m"Task2.map" --stack_size=0x200 --warn_sections -i"C:/ti/ccs910/ccs/tools/compiler/ti-cgt-c2000_18.12.3.LTS/lib" -i"C:/ti/ccs910/ccs/tools/compiler/ti-cgt-c2000_18.12.3.LTS/include" --reread_libs --diag_wrap=off --display_error_number --xml_link_info="Task2_linkInfo.xml" --rom_model -o "Task2.out" "./F2837xD_GlobalVariableDefs.obj" "./main.obj" "../F2837xD_Headers_nonBIOS_cpu1.cmd" "../user.cmd"  -llibc.a 
<Linking>
Finished building target: "Task2.out"
 

**** Build Finished ****

**** Build of configuration Debug for project Task2 ****

"C:\\ti\\ccs910\\ccs\\utils\\bin\\gmake" -k -j 4 all -O 
 
gmake[1]: 'Task2.out' is up to date.

**** Build Finished ****

**** Build of configuration Debug for project Task2 ****

"C:\\ti\\ccs910\\ccs\\utils\\bin\\gmake" -k -j 4 all -O 
 
Building file: "../main.c"
Invoking: C2000 Compiler
"C:/ti/ccs910/ccs/tools/compiler/ti-cgt-c2000_18.12.3.LTS/bin/cl2000" -v28 -ml -mt --cla_support=cla1 --float_support=fpu32 --tmu_support=tmu0 --vcu_support=vcu2 --include_path="E:/ECE4550/Lab1/Task2" --include_path="C:/F28379D/include" --include_path="C:/ti/ccs910/ccs/tools/compiler/ti-cgt-c2000_18.12.3.LTS/include" --advice:performance=all --define=CPU1 -g --diag_warning=225 --diag_wrap=off --display_error_number --abi=coffabi --preproc_with_compile --preproc_dependency="main.d_raw"  "../main.c"
"../main.c", line 33: warning #112-D: statement is unreachable
"../main.c", line 30 (col. 26): advice #2614-D: (Performance) Use --fp_mode=relaxed to enable TMU hardware support for cos.
Finished building: "../main.c"
 
Building target: "Task2.out"
Invoking: C2000 Linker
"C:/ti/ccs910/ccs/tools/compiler/ti-cgt-c2000_18.12.3.LTS/bin/cl2000" -v28 -ml -mt --cla_support=cla1 --float_support=fpu32 --tmu_support=tmu0 --vcu_support=vcu2 --advice:performance=all --define=CPU1 -g --diag_warning=225 --diag_wrap=off --display_error_number --abi=coffabi -z -m"Task2.map" --stack_size=0x200 --warn_sections -i"C:/ti/ccs910/ccs/tools/compiler/ti-cgt-c2000_18.12.3.LTS/lib" -i"C:/ti/ccs910/ccs/tools/compiler/ti-cgt-c2000_18.12.3.LTS/include" --reread_libs --diag_wrap=off --display_error_number --xml_link_info="Task2_linkInfo.xml" --rom_model -o "Task2.out" "./F2837xD_GlobalVariableDefs.obj" "./main.obj" "../F2837xD_Headers_nonBIOS_cpu1.cmd" "../user.cmd"  -llibc.a 
<Linking>
Finished building target: "Task2.out"
 

**** Build Finished ****

**** Build of configuration Debug for project Task2 ****

"C:\\ti\\ccs910\\ccs\\utils\\bin\\gmake" -k -j 4 all -O 
 
Building file: "../main.c"
Invoking: C2000 Compiler
"C:/ti/ccs910/ccs/tools/compiler/ti-cgt-c2000_18.12.3.LTS/bin/cl2000" -v28 -ml -mt --cla_support=cla1 --float_support=fpu32 --tmu_support=tmu0 --vcu_support=vcu2 --include_path="E:/ECE4550/Lab1/Task2" --include_path="C:/F28379D/include" --include_path="C:/ti/ccs910/ccs/tools/compiler/ti-cgt-c2000_18.12.3.LTS/include" --advice:performance=all --define=CPU1 -g --diag_warning=225 --diag_wrap=off --display_error_number --abi=coffabi --preproc_with_compile --preproc_dependency="main.d_raw"  "../main.c"
"../main.c", line 33: warning #112-D: statement is unreachable
"../main.c", line 28 (col. 26): advice #2614-D: (Performance) Use --fp_mode=relaxed to enable TMU hardware support for cos.
Finished building: "../main.c"
 
Building target: "Task2.out"
Invoking: C2000 Linker
"C:/ti/ccs910/ccs/tools/compiler/ti-cgt-c2000_18.12.3.LTS/bin/cl2000" -v28 -ml -mt --cla_support=cla1 --float_support=fpu32 --tmu_support=tmu0 --vcu_support=vcu2 --advice:performance=all --define=CPU1 -g --diag_warning=225 --diag_wrap=off --display_error_number --abi=coffabi -z -m"Task2.map" --stack_size=0x200 --warn_sections -i"C:/ti/ccs910/ccs/tools/compiler/ti-cgt-c2000_18.12.3.LTS/lib" -i"C:/ti/ccs910/ccs/tools/compiler/ti-cgt-c2000_18.12.3.LTS/include" --reread_libs --diag_wrap=off --display_error_number --xml_link_info="Task2_linkInfo.xml" --rom_model -o "Task2.out" "./F2837xD_GlobalVariableDefs.obj" "./main.obj" "../F2837xD_Headers_nonBIOS_cpu1.cmd" "../user.cmd"  -llibc.a 
<Linking>
Finished building target: "Task2.out"
 

**** Build Finished ****

**** Build of configuration Debug for project Task2 ****

"C:\\ti\\ccs910\\ccs\\utils\\bin\\gmake" -k -j 4 all -O 
 
Building file: "../main.c"
Invoking: C2000 Compiler
"C:/ti/ccs910/ccs/tools/compiler/ti-cgt-c2000_18.12.3.LTS/bin/cl2000" -v28 -ml -mt --cla_support=cla1 --float_support=fpu32 --tmu_support=tmu0 --vcu_support=vcu2 --include_path="E:/ECE4550/Lab1/Task2" --include_path="C:/F28379D/include" --include_path="C:/ti/ccs910/ccs/tools/compiler/ti-cgt-c2000_18.12.3.LTS/include" --advice:performance=all --define=CPU1 -g --diag_warning=225 --diag_wrap=off --display_error_number --abi=coffabi --preproc_with_compile --preproc_dependency="main.d_raw"  "../main.c"
"../main.c", line 33: warning #112-D: statement is unreachable
Finished building: "../main.c"
 
Building target: "Task2.out"
Invoking: C2000 Linker
"C:/ti/ccs910/ccs/tools/compiler/ti-cgt-c2000_18.12.3.LTS/bin/cl2000" -v28 -ml -mt --cla_support=cla1 --float_support=fpu32 --tmu_support=tmu0 --vcu_support=vcu2 --advice:performance=all --define=CPU1 -g --diag_warning=225 --diag_wrap=off --display_error_number --abi=coffabi -z -m"Task2.map" --stack_size=0x200 --warn_sections -i"C:/ti/ccs910/ccs/tools/compiler/ti-cgt-c2000_18.12.3.LTS/lib" -i"C:/ti/ccs910/ccs/tools/compiler/ti-cgt-c2000_18.12.3.LTS/include" --reread_libs --diag_wrap=off --display_error_number --xml_link_info="Task2_linkInfo.xml" --rom_model -o "Task2.out" "./F2837xD_GlobalVariableDefs.obj" "./main.obj" "../F2837xD_Headers_nonBIOS_cpu1.cmd" "../user.cmd"  -llibc.a 
<Linking>
Finished building target: "Task2.out"
 

**** Build Finished ****

**** Build of configuration Debug for project Task2 ****

"C:\\ti\\ccs910\\ccs\\utils\\bin\\gmake" -k -j 4 all -O 
 
gmake[1]: 'Task2.out' is up to date.

**** Build Finished ****

**** Build of configuration Debug for project Task2 ****

"C:\\ti\\ccs910\\ccs\\utils\\bin\\gmake" -k -j 4 all -O 
 
Building file: "../main.c"
Invoking: C2000 Compiler
"C:/ti/ccs910/ccs/tools/compiler/ti-cgt-c2000_18.12.3.LTS/bin/cl2000" -v28 -ml -mt --cla_support=cla1 --float_support=fpu32 --tmu_support=tmu0 --vcu_support=vcu2 --include_path="E:/ECE4550/Lab1/Task2" --include_path="C:/F28379D/include" --include_path="C:/ti/ccs910/ccs/tools/compiler/ti-cgt-c2000_18.12.3.LTS/include" --advice:performance=all --define=CPU1 -g --diag_warning=225 --diag_wrap=off --display_error_number --abi=coffabi --preproc_with_compile --preproc_dependency="main.d_raw"  "../main.c"
"../main.c", line 33: warning #112-D: statement is unreachable
Finished building: "../main.c"
 
Building target: "Task2.out"
Invoking: C2000 Linker
"C:/ti/ccs910/ccs/tools/compiler/ti-cgt-c2000_18.12.3.LTS/bin/cl2000" -v28 -ml -mt --cla_support=cla1 --float_support=fpu32 --tmu_support=tmu0 --vcu_support=vcu2 --advice:performance=all --define=CPU1 -g --diag_warning=225 --diag_wrap=off --display_error_number --abi=coffabi -z -m"Task2.map" --stack_size=0x200 --warn_sections -i"C:/ti/ccs910/ccs/tools/compiler/ti-cgt-c2000_18.12.3.LTS/lib" -i"C:/ti/ccs910/ccs/tools/compiler/ti-cgt-c2000_18.12.3.LTS/include" --reread_libs --diag_wrap=off --display_error_number --xml_link_info="Task2_linkInfo.xml" --rom_model -o "Task2.out" "./F2837xD_GlobalVariableDefs.obj" "./main.obj" "../F2837xD_Headers_nonBIOS_cpu1.cmd" "../user.cmd"  -llibc.a 
<Linking>
Finished building target: "Task2.out"
 

**** Build Finished ****

**** Build of configuration Debug for project Task2 ****

"C:\\ti\\ccs910\\ccs\\utils\\bin\\gmake" -k -j 4 all -O 
 
Building file: "../main.c"
Invoking: C2000 Compiler
"C:/ti/ccs910/ccs/tools/compiler/ti-cgt-c2000_18.12.3.LTS/bin/cl2000" -v28 -ml -mt --cla_support=cla1 --float_support=fpu32 --tmu_support=tmu0 --vcu_support=vcu2 --include_path="E:/ECE4550/Lab1/Task2" --include_path="C:/F28379D/include" --include_path="C:/ti/ccs910/ccs/tools/compiler/ti-cgt-c2000_18.12.3.LTS/include" --advice:performance=all --define=CPU1 -g --diag_warning=225 --diag_wrap=off --display_error_number --abi=coffabi --preproc_with_compile --preproc_dependency="main.d_raw"  "../main.c"
"../main.c", line 32: warning #112-D: statement is unreachable
"../main.c", line 27 (col. 26): advice #2614-D: (Performance) Use --fp_mode=relaxed to enable TMU hardware support for cos.
"../main.c", line 29 (col. 33): advice #2614-D: (Performance) Use --fp_mode=relaxed to enable TMU hardware support for FP division.
Finished building: "../main.c"
 
Building target: "Task2.out"
Invoking: C2000 Linker
"C:/ti/ccs910/ccs/tools/compiler/ti-cgt-c2000_18.12.3.LTS/bin/cl2000" -v28 -ml -mt --cla_support=cla1 --float_support=fpu32 --tmu_support=tmu0 --vcu_support=vcu2 --advice:performance=all --define=CPU1 -g --diag_warning=225 --diag_wrap=off --display_error_number --abi=coffabi -z -m"Task2.map" --stack_size=0x200 --warn_sections -i"C:/ti/ccs910/ccs/tools/compiler/ti-cgt-c2000_18.12.3.LTS/lib" -i"C:/ti/ccs910/ccs/tools/compiler/ti-cgt-c2000_18.12.3.LTS/include" --reread_libs --diag_wrap=off --display_error_number --xml_link_info="Task2_linkInfo.xml" --rom_model -o "Task2.out" "./F2837xD_GlobalVariableDefs.obj" "./main.obj" "../F2837xD_Headers_nonBIOS_cpu1.cmd" "../user.cmd"  -llibc.a 
<Linking>
Finished building target: "Task2.out"
 

**** Build Finished ****

**** Build of configuration Debug for project Task2 ****

"C:\\ti\\ccs910\\ccs\\utils\\bin\\gmake" -k -j 4 all -O 
 
Building file: "../main.c"
Invoking: C2000 Compiler
"C:/ti/ccs910/ccs/tools/compiler/ti-cgt-c2000_18.12.3.LTS/bin/cl2000" -v28 -ml -mt --cla_support=cla1 --float_support=fpu32 --tmu_support=tmu0 --vcu_support=vcu2 --include_path="E:/ECE4550/Lab1/Task2" --include_path="C:/F28379D/include" --include_path="C:/ti/ccs910/ccs/tools/compiler/ti-cgt-c2000_18.12.3.LTS/include" --advice:performance=all --define=CPU1 -g --diag_warning=225 --diag_wrap=off --display_error_number --abi=coffabi --preproc_with_compile --preproc_dependency="main.d_raw"  "../main.c"
"../main.c", line 32: warning #112-D: statement is unreachable
"../main.c", line 27 (col. 26): advice #2614-D: (Performance) Use --fp_mode=relaxed to enable TMU hardware support for cos.
"../main.c", line 29 (col. 33): advice #2614-D: (Performance) Use --fp_mode=relaxed to enable TMU hardware support for FP division.
Finished building: "../main.c"
 
Building target: "Task2.out"
Invoking: C2000 Linker
"C:/ti/ccs910/ccs/tools/compiler/ti-cgt-c2000_18.12.3.LTS/bin/cl2000" -v28 -ml -mt --cla_support=cla1 --float_support=fpu32 --tmu_support=tmu0 --vcu_support=vcu2 --advice:performance=all --define=CPU1 -g --diag_warning=225 --diag_wrap=off --display_error_number --abi=coffabi -z -m"Task2.map" --stack_size=0x200 --warn_sections -i"C:/ti/ccs910/ccs/tools/compiler/ti-cgt-c2000_18.12.3.LTS/lib" -i"C:/ti/ccs910/ccs/tools/compiler/ti-cgt-c2000_18.12.3.LTS/include" --reread_libs --diag_wrap=off --display_error_number --xml_link_info="Task2_linkInfo.xml" --rom_model -o "Task2.out" "./F2837xD_GlobalVariableDefs.obj" "./main.obj" "../F2837xD_Headers_nonBIOS_cpu1.cmd" "../user.cmd"  -llibc.a 
<Linking>
Finished building target: "Task2.out"
 

**** Build Finished ****

**** Build of configuration Debug for project Task2 ****

"C:\\ti\\ccs910\\ccs\\utils\\bin\\gmake" -k -j 4 all -O 
 
Building file: "../main.c"
Invoking: C2000 Compiler
"C:/ti/ccs910/ccs/tools/compiler/ti-cgt-c2000_18.12.3.LTS/bin/cl2000" -v28 -ml -mt --cla_support=cla1 --float_support=fpu32 --tmu_support=tmu0 --vcu_support=vcu2 --include_path="E:/ECE4550/Lab1/Task2" --include_path="C:/F28379D/include" --include_path="C:/ti/ccs910/ccs/tools/compiler/ti-cgt-c2000_18.12.3.LTS/include" --advice:performance=all --define=CPU1 -g --diag_warning=225 --diag_wrap=off --display_error_number --abi=coffabi --preproc_with_compile --preproc_dependency="main.d_raw"  "../main.c"
"../main.c", line 32: warning #112-D: statement is unreachable
"../main.c", line 27 (col. 26): advice #2614-D: (Performance) Use --fp_mode=relaxed to enable TMU hardware support for cos.
"../main.c", line 29 (col. 33): advice #2614-D: (Performance) Use --fp_mode=relaxed to enable TMU hardware support for FP division.
Finished building: "../main.c"
 
Building target: "Task2.out"
Invoking: C2000 Linker
"C:/ti/ccs910/ccs/tools/compiler/ti-cgt-c2000_18.12.3.LTS/bin/cl2000" -v28 -ml -mt --cla_support=cla1 --float_support=fpu32 --tmu_support=tmu0 --vcu_support=vcu2 --advice:performance=all --define=CPU1 -g --diag_warning=225 --diag_wrap=off --display_error_number --abi=coffabi -z -m"Task2.map" --stack_size=0x200 --warn_sections -i"C:/ti/ccs910/ccs/tools/compiler/ti-cgt-c2000_18.12.3.LTS/lib" -i"C:/ti/ccs910/ccs/tools/compiler/ti-cgt-c2000_18.12.3.LTS/include" --reread_libs --diag_wrap=off --display_error_number --xml_link_info="Task2_linkInfo.xml" --rom_model -o "Task2.out" "./F2837xD_GlobalVariableDefs.obj" "./main.obj" "../F2837xD_Headers_nonBIOS_cpu1.cmd" "../user.cmd"  -llibc.a 
<Linking>
Finished building target: "Task2.out"
 

**** Build Finished ****

**** Build of configuration Debug for project Task2 ****

"C:\\ti\\ccs910\\ccs\\utils\\bin\\gmake" -k -j 4 all -O 
 
Building file: "../main.c"
Invoking: C2000 Compiler
"C:/ti/ccs910/ccs/tools/compiler/ti-cgt-c2000_18.12.3.LTS/bin/cl2000" -v28 -ml -mt --cla_support=cla1 --float_support=fpu32 --tmu_support=tmu0 --vcu_support=vcu2 --include_path="E:/ECE4550/Lab1/Task2" --include_path="C:/F28379D/include" --include_path="C:/ti/ccs910/ccs/tools/compiler/ti-cgt-c2000_18.12.3.LTS/include" --advice:performance=all --define=CPU1 -g --diag_warning=225 --diag_wrap=off --display_error_number --abi=coffabi --preproc_with_compile --preproc_dependency="main.d_raw"  "../main.c"
"../main.c", line 36: warning #112-D: statement is unreachable
"../main.c", line 31 (col. 26): advice #2614-D: (Performance) Use --fp_mode=relaxed to enable TMU hardware support for cos.
"../main.c", line 33 (col. 33): advice #2614-D: (Performance) Use --fp_mode=relaxed to enable TMU hardware support for FP division.
Finished building: "../main.c"
 
Building target: "Task2.out"
Invoking: C2000 Linker
"C:/ti/ccs910/ccs/tools/compiler/ti-cgt-c2000_18.12.3.LTS/bin/cl2000" -v28 -ml -mt --cla_support=cla1 --float_support=fpu32 --tmu_support=tmu0 --vcu_support=vcu2 --advice:performance=all --define=CPU1 -g --diag_warning=225 --diag_wrap=off --display_error_number --abi=coffabi -z -m"Task2.map" --stack_size=0x200 --warn_sections -i"C:/ti/ccs910/ccs/tools/compiler/ti-cgt-c2000_18.12.3.LTS/lib" -i"C:/ti/ccs910/ccs/tools/compiler/ti-cgt-c2000_18.12.3.LTS/include" --reread_libs --diag_wrap=off --display_error_number --xml_link_info="Task2_linkInfo.xml" --rom_model -o "Task2.out" "./F2837xD_GlobalVariableDefs.obj" "./main.obj" "../F2837xD_Headers_nonBIOS_cpu1.cmd" "../user.cmd"  -llibc.a 
<Linking>
Finished building target: "Task2.out"
 

**** Build Finished ****

**** Build of configuration Debug for project Task2 ****

"C:\\ti\\ccs910\\ccs\\utils\\bin\\gmake" -k -j 4 all -O 
 
gmake[1]: 'Task2.out' is up to date.

**** Build Finished ****

**** Build of configuration Debug for project Task2 ****

"C:\\ti\\ccs910\\ccs\\utils\\bin\\gmake" -k -j 4 all -O 
 
gmake[1]: 'Task2.out' is up to date.

**** Build Finished ****
